<?xml version="1.0" encoding="UTF-8"?>
<!-- Generated by org.testng.reporters.JUnitReportReporter -->
<testsuite hostname="DESKTOP-B4SFM7J" failures="0" tests="1" name="Day3.cookieDemo" time="1.848" errors="0" timestamp="2025-04-28T22:17:17 IST" skipped="0">
  <testcase classname="Day3.cookieDemo" name="getcookies" time="1.848"/>
</testsuite> <!-- Day3.cookieDemo -->
