<?xml version="1.0" encoding="UTF-8"?>
<!-- Generated by org.testng.reporters.JUnitReportReporter -->
<testsuite hostname="DESKTOP-B4SFM7J" failures="0" tests="1" name="Day3.headerDemo" time="1.944" errors="0" timestamp="2025-04-28T22:50:12 IST" skipped="0">
  <testcase classname="Day3.headerDemo" name="getHeaders" time="1.944"/>
</testsuite> <!-- Day3.headerDemo -->
