<?xml version="1.0" encoding="UTF-8"?>
<!-- Generated by org.testng.reporters.JUnitReportReporter -->
<testsuite hostname="DESKTOP-B4SFM7J" failures="0" tests="2" name="Day6.JsonSchemaValidation" time="2.386" errors="0" timestamp="2025-04-29T22:23:22 IST" skipped="0">
  <testcase classname="Day6.JsonSchemaValidation" name="JSONSchemaVAlidation" time="2.230"/>
  <testcase classname="Day6.JsonSchemaValidation" name="XMLSchemaVAlidation" time="0.156"/>
</testsuite> <!-- Day6.JsonSchemaValidation -->
