<?xml version="1.0" encoding="UTF-8"?>
<!-- Generated by org.testng.reporters.JUnitReportReporter -->
<testsuite hostname="DESKTOP-B4SFM7J" failures="0" tests="1" name="Day7.fakeDataGeneration" time="0.341" errors="0" timestamp="2025-05-01T11:14:14 IST" skipped="0">
  <testcase classname="Day7.fakeDataGeneration" name="testGenerationOfFakeData" time="0.341"/>
</testsuite> <!-- Day7.fakeDataGeneration -->
