<?xml version="1.0" encoding="UTF-8"?>
<!-- Generated by org.testng.reporters.JUnitReportReporter -->
<testsuite hostname="DESKTOP-B4SFM7J" failures="0" tests="1" name="Day5.XMLPArsing" time="2.916" errors="0" timestamp="2025-04-29T21:08:37 IST" skipped="0">
  <testcase classname="Day5.XMLPArsing" name="UsingXMLObject" time="2.916"/>
</testsuite> <!-- Day5.XMLPArsing -->
