<?xml version="1.0" encoding="UTF-8"?>
<!-- Generated by org.testng.reporters.JUnitReportReporter -->
<testsuite hostname="DESKTOP-B4SFM7J" failures="0" tests="1" name="Day3.parameters" time="1.658" errors="0" timestamp="2025-04-28T22:21:10 IST" skipped="0">
  <testcase classname="Day3.parameters" name="pathAndQueryParameter" time="1.658"/>
</testsuite> <!-- Day3.parameters -->
