<?xml version="1.0" encoding="UTF-8"?>
<!-- Generated by org.testng.reporters.JUnitReportReporter -->
<testsuite hostname="DESKTOP-B4SFM7J" failures="0" tests="1" name="Day8.deleteUser" time="0.294" errors="0" timestamp="2025-05-01T17:37:30 IST" skipped="0">
  <testcase classname="Day8.deleteUser" name="test_deleteUser" time="0.294"/>
</testsuite> <!-- Day8.deleteUser -->
