<?xml version="1.0" encoding="UTF-8"?>
<!-- Generated by org.testng.reporters.JUnitReportReporter -->
<testsuite hostname="DESKTOP-B4SFM7J" failures="0" tests="1" name="Day8.updateUser" time="0.421" errors="0" timestamp="2025-05-01T17:37:30 IST" skipped="0">
  <testcase classname="Day8.updateUser" name="test_updateUser" time="0.421"/>
</testsuite> <!-- Day8.updateUser -->
