<?xml version="1.0" encoding="UTF-8"?>
<!-- Generated by org.testng.reporters.JUnitReportReporter -->
<testsuite hostname="DESKTOP-B4SFM7J" failures="0" tests="2" name="Day4.JSONParsing" time="4.324" errors="0" timestamp="2025-04-29T20:25:07 IST" skipped="0">
  <testcase classname="Day4.JSONParsing" name="valdatingUsingthen" time="0.692"/>
  <testcase classname="Day4.JSONParsing" name="valdatingUsingJson" time="3.632"/>
</testsuite> <!-- Day4.JSONParsing -->
